#
# There is insufficient memory for the Java Runtime Environment to continue.
# Native memory allocation (mmap) failed to map 132120576 bytes for committing reserved memory.
# Possible reasons:
#   The system is out of physical RAM or swap space
#   The process is running with CompressedOops enabled, and the Java Heap may be blocking the growth of the native heap
# Possible solutions:
#   Reduce memory load on the system
#   Increase physical memory or swap space
#   Check if swap backing store is full
#   Decrease Java heap size (-Xmx/-Xms)
#   Decrease number of Java threads
#   Decrease Java thread stack sizes (-Xss)
#   Set larger code cache with -XX:ReservedCodeCacheSize=
# This output file may be truncated or incomplete.
#
#  Out of Memory Error (os_linux.cpp:2718), pid=32681, tid=32685
#
# JRE version:  (11.0.3+1) (build )
# Java VM: OpenJDK 64-Bit Server VM (11.0.3+1-Debian-1, mixed mode, aot, sharing, tiered, compressed oops, g1 gc, linux-amd64)
# No core dump will be written. Core dumps have been disabled. To enable core dumping, try "ulimit -c unlimited" before starting Java again
#

---------------  S U M M A R Y ------------

Command Line: -Dfile.encoding=UTF-8 com.kiri.calculatormm.util.NumberCalculateHelper

Host: Intel(R) Core(TM) i7-3770K CPU @ 3.50GHz, 4 cores, 7G, Kali GNU/Linux Rolling
Time: Sat Jul 27 04:57:01 2019 EDT elapsed time: 0 seconds (0d 0h 0m 0s)

---------------  T H R E A D  ---------------

Current thread (0x00007f4fec012000):  JavaThread "Unknown thread" [_thread_in_vm, id=32685, stack(0x00007f4ff28b0000,0x00007f4ff29b1000)]

Stack: [0x00007f4ff28b0000,0x00007f4ff29b1000],  sp=0x00007f4ff29af2d0,  free space=1020k
Native frames: (J=compiled Java code, A=aot compiled Java code, j=interpreted, Vv=VM code, C=native code)
V  [libjvm.so+0xd181ae]
V  [libjvm.so+0xd18dfb]
V  [libjvm.so+0x617cf5]
V  [libjvm.so+0xb25a48]
V  [libjvm.so+0xb1cdbd]
V  [libjvm.so+0x73014f]
V  [libjvm.so+0x7304fe]
V  [libjvm.so+0x7397f6]
V  [libjvm.so+0x7b0734]
V  [libjvm.so+0x7b1340]
V  [libjvm.so+0x7b1767]
V  [libjvm.so+0x6eed40]
V  [libjvm.so+0x6ef441]
V  [libjvm.so+0xcdad92]
V  [libjvm.so+0xcdb026]
V  [libjvm.so+0x7c7f17]
V  [libjvm.so+0xcbb6ed]
V  [libjvm.so+0x86bb01]  JNI_CreateJavaVM+0x51
C  [libjli.so+0x47ff]
C  [libjli.so+0x958d]


---------------  P R O C E S S  ---------------

Threads class SMR info:
_java_thread_list=0x0000562d82a5d540, length=0, elements={
}

Java Threads: ( => current thread )

Other Threads:
  0x00007f4fec027800 GCTaskThread "GC Thread#0" [stack: 0x00007f4ff256f000,0x00007f4ff266f000] [id=32688]
  0x00007f4fec059000 ConcurrentGCThread "G1 Main Marker" [stack: 0x00007f4ff147d000,0x00007f4ff157d000] [id=32689]
  0x00007f4fec05a800 ConcurrentGCThread "G1 Conc#0" [stack: 0x00007f4ff137b000,0x00007f4ff147b000] [id=32690]

[error occurred during error reporting (printing all threads), id 0xb, SIGSEGV (0xb) at pc=0x00007f4ff33da460]

VM state:not at safepoint (not fully initialized)

VM Mutex/Monitor currently owned by a thread:  ([mutex/lock_event])
[0x00007f4fec00f340] Heap_lock - owner thread: 0x00007f4fec012000

Heap address: 0x0000000083a00000, size: 1990 MB, Compressed Oops mode: Non-zero based: 0x0000000083a00000
Narrow klass base: 0x0000000000000000, Narrow klass shift: 0

GC Heap History (0 events):
No events

Deoptimization events (0 events):
No events

Classes redefined (0 events):
No events

Internal exceptions (0 events):
No events

Events (0 events):
No events


Dynamic libraries:
8b800000-100000000 ---p 00000000 00:00 0 
562d80f80000-562d80f81000 r--p 00000000 08:01 1444108                    /usr/lib/jvm/java-11-openjdk-amd64/bin/java
562d80f81000-562d80f82000 r-xp 00001000 08:01 1444108                    /usr/lib/jvm/java-11-openjdk-amd64/bin/java
562d80f82000-562d80f83000 r--p 00002000 08:01 1444108                    /usr/lib/jvm/java-11-openjdk-amd64/bin/java
562d80f83000-562d80f84000 r--p 00002000 08:01 1444108                    /usr/lib/jvm/java-11-openjdk-amd64/bin/java
562d80f84000-562d80f85000 rw-p 00003000 08:01 1444108                    /usr/lib/jvm/java-11-openjdk-amd64/bin/java
562d82a45000-562d82a66000 rw-p 00000000 00:00 0                          [heap]
7f4fc0000000-7f4fc0021000 rw-p 00000000 00:00 0 
7f4fc0021000-7f4fc4000000 ---p 00000000 00:00 0 
7f4fc6000000-7f4fc8000000 rw-p 00000000 00:00 0 
7f4fc8000000-7f4fc8021000 rw-p 00000000 00:00 0 
7f4fc8021000-7f4fcc000000 ---p 00000000 00:00 0 
7f4fcc1d0000-7f4fd0000000 ---p 00000000 00:00 0 
7f4fd0000000-7f4fd0021000 rw-p 00000000 00:00 0 
7f4fd0021000-7f4fd4000000 ---p 00000000 00:00 0 
7f4fd497e000-7f4fd4bee000 rwxp 00000000 00:00 0 
7f4fd4bee000-7f4fd4f0e000 ---p 00000000 00:00 0 
7f4fd4f0e000-7f4fd517e000 rwxp 00000000 00:00 0 
7f4fd517e000-7f4fdc446000 ---p 00000000 00:00 0 
7f4fdc446000-7f4fdc6b6000 rwxp 00000000 00:00 0 
7f4fdc6b6000-7f4fe397e000 ---p 00000000 00:00 0 
7f4fe397e000-7f4fec000000 r--s 00000000 08:01 1444206                    /usr/lib/jvm/java-11-openjdk-amd64/lib/modules
7f4fec000000-7f4fec075000 rw-p 00000000 00:00 0 
7f4fec075000-7f4ff0000000 ---p 00000000 00:00 0 
7f4ff0f75000-7f4ff1379000 rw-p 00000000 00:00 0 
7f4ff1379000-7f4ff137a000 ---p 00000000 00:00 0 
7f4ff137a000-7f4ff147b000 rw-p 00000000 00:00 0 
7f4ff147b000-7f4ff147c000 ---p 00000000 00:00 0 
7f4ff147c000-7f4ff15c0000 rw-p 00000000 00:00 0 
7f4ff15c0000-7f4ff2169000 ---p 00000000 00:00 0 
7f4ff2169000-7f4ff256d000 rw-p 00000000 00:00 0 
7f4ff256d000-7f4ff256e000 ---p 00000000 00:00 0 
7f4ff256e000-7f4ff2674000 rw-p 00000000 00:00 0 
7f4ff2674000-7f4ff275a000 ---p 00000000 00:00 0 
7f4ff275a000-7f4ff275f000 rw-p 00000000 00:00 0 
7f4ff275f000-7f4ff2845000 ---p 00000000 00:00 0 
7f4ff2845000-7f4ff2848000 r--p 00000000 08:01 1448738                    /usr/lib/x86_64-linux-gnu/libnss_files-2.28.so
7f4ff2848000-7f4ff284f000 r-xp 00003000 08:01 1448738                    /usr/lib/x86_64-linux-gnu/libnss_files-2.28.so
7f4ff284f000-7f4ff2851000 r--p 0000a000 08:01 1448738                    /usr/lib/x86_64-linux-gnu/libnss_files-2.28.so
7f4ff2851000-7f4ff2852000 ---p 0000c000 08:01 1448738                    /usr/lib/x86_64-linux-gnu/libnss_files-2.28.so
7f4ff2852000-7f4ff2853000 r--p 0000c000 08:01 1448738                    /usr/lib/x86_64-linux-gnu/libnss_files-2.28.so
7f4ff2853000-7f4ff2854000 rw-p 0000d000 08:01 1448738                    /usr/lib/x86_64-linux-gnu/libnss_files-2.28.so
7f4ff2854000-7f4ff285a000 rw-p 00000000 00:00 0 
7f4ff285b000-7f4ff2860000 rw-p 00000000 00:00 0 
7f4ff2860000-7f4ff2867000 ---p 00000000 00:00 0 
7f4ff2867000-7f4ff2869000 r--p 00000000 08:01 1444188                    /usr/lib/jvm/java-11-openjdk-amd64/lib/libjimage.so
7f4ff2869000-7f4ff286c000 r-xp 00002000 08:01 1444188                    /usr/lib/jvm/java-11-openjdk-amd64/lib/libjimage.so
7f4ff286c000-7f4ff286e000 r--p 00005000 08:01 1444188                    /usr/lib/jvm/java-11-openjdk-amd64/lib/libjimage.so
7f4ff286e000-7f4ff286f000 r--p 00006000 08:01 1444188                    /usr/lib/jvm/java-11-openjdk-amd64/lib/libjimage.so
7f4ff286f000-7f4ff2870000 rw-p 00007000 08:01 1444188                    /usr/lib/jvm/java-11-openjdk-amd64/lib/libjimage.so
7f4ff2870000-7f4ff2872000 r--p 00000000 08:01 1444205                    /usr/lib/jvm/java-11-openjdk-amd64/lib/libzip.so
7f4ff2872000-7f4ff2876000 r-xp 00002000 08:01 1444205                    /usr/lib/jvm/java-11-openjdk-amd64/lib/libzip.so
7f4ff2876000-7f4ff2878000 r--p 00006000 08:01 1444205                    /usr/lib/jvm/java-11-openjdk-amd64/lib/libzip.so
7f4ff2878000-7f4ff2879000 r--p 00007000 08:01 1444205                    /usr/lib/jvm/java-11-openjdk-amd64/lib/libzip.so
7f4ff2879000-7f4ff287a000 rw-p 00008000 08:01 1444205                    /usr/lib/jvm/java-11-openjdk-amd64/lib/libzip.so
7f4ff287a000-7f4ff2887000 r--p 00000000 08:01 1444184                    /usr/lib/jvm/java-11-openjdk-amd64/lib/libjava.so
7f4ff2887000-7f4ff289c000 r-xp 0000d000 08:01 1444184                    /usr/lib/jvm/java-11-openjdk-amd64/lib/libjava.so
7f4ff289c000-7f4ff28a3000 r--p 00022000 08:01 1444184                    /usr/lib/jvm/java-11-openjdk-amd64/lib/libjava.so
7f4ff28a3000-7f4ff28a4000 r--p 00028000 08:01 1444184                    /usr/lib/jvm/java-11-openjdk-amd64/lib/libjava.so
7f4ff28a4000-7f4ff28a6000 rw-p 00029000 08:01 1444184                    /usr/lib/jvm/java-11-openjdk-amd64/lib/libjava.so
7f4ff28a6000-7f4ff28a8000 r--p 00000000 08:01 1448745                    /usr/lib/x86_64-linux-gnu/librt-2.28.so
7f4ff28a8000-7f4ff28ac000 r-xp 00002000 08:01 1448745                    /usr/lib/x86_64-linux-gnu/librt-2.28.so
7f4ff28ac000-7f4ff28ae000 r--p 00006000 08:01 1448745                    /usr/lib/x86_64-linux-gnu/librt-2.28.so
7f4ff28ae000-7f4ff28af000 r--p 00007000 08:01 1448745                    /usr/lib/x86_64-linux-gnu/librt-2.28.so
7f4ff28af000-7f4ff28b0000 rw-p 00008000 08:01 1448745                    /usr/lib/x86_64-linux-gnu/librt-2.28.so
7f4ff28b0000-7f4ff28b4000 ---p 00000000 00:00 0 
7f4ff28b4000-7f4ff29b1000 rw-p 00000000 00:00 0 
7f4ff29b1000-7f4ff29b4000 r--p 00000000 08:01 1442236                    /usr/lib/x86_64-linux-gnu/libgcc_s.so.1
7f4ff29b4000-7f4ff29c5000 r-xp 00003000 08:01 1442236                    /usr/lib/x86_64-linux-gnu/libgcc_s.so.1
7f4ff29c5000-7f4ff29c8000 r--p 00014000 08:01 1442236                    /usr/lib/x86_64-linux-gnu/libgcc_s.so.1
7f4ff29c8000-7f4ff29c9000 ---p 00017000 08:01 1442236                    /usr/lib/x86_64-linux-gnu/libgcc_s.so.1
7f4ff29c9000-7f4ff29ca000 r--p 00017000 08:01 1442236                    /usr/lib/x86_64-linux-gnu/libgcc_s.so.1
7f4ff29ca000-7f4ff29cb000 rw-p 00018000 08:01 1442236                    /usr/lib/x86_64-linux-gnu/libgcc_s.so.1
7f4ff29cb000-7f4ff29d8000 r--p 00000000 08:01 1448732                    /usr/lib/x86_64-linux-gnu/libm-2.28.so
7f4ff29d8000-7f4ff2a77000 r-xp 0000d000 08:01 1448732                    /usr/lib/x86_64-linux-gnu/libm-2.28.so
7f4ff2a77000-7f4ff2b4c000 r--p 000ac000 08:01 1448732                    /usr/lib/x86_64-linux-gnu/libm-2.28.so
7f4ff2b4c000-7f4ff2b4d000 r--p 00180000 08:01 1448732                    /usr/lib/x86_64-linux-gnu/libm-2.28.so
7f4ff2b4d000-7f4ff2b4e000 rw-p 00181000 08:01 1448732                    /usr/lib/x86_64-linux-gnu/libm-2.28.so
7f4ff2b4e000-7f4ff2bd7000 r--p 00000000 08:01 1442723                    /usr/lib/x86_64-linux-gnu/libstdc++.so.6.0.25
7f4ff2bd7000-7f4ff2c83000 r-xp 00089000 08:01 1442723                    /usr/lib/x86_64-linux-gnu/libstdc++.so.6.0.25
7f4ff2c83000-7f4ff2cc1000 r--p 00135000 08:01 1442723                    /usr/lib/x86_64-linux-gnu/libstdc++.so.6.0.25
7f4ff2cc1000-7f4ff2cc2000 ---p 00173000 08:01 1442723                    /usr/lib/x86_64-linux-gnu/libstdc++.so.6.0.25
7f4ff2cc2000-7f4ff2ccc000 r--p 00173000 08:01 1442723                    /usr/lib/x86_64-linux-gnu/libstdc++.so.6.0.25
7f4ff2ccc000-7f4ff2cce000 rw-p 0017d000 08:01 1442723                    /usr/lib/x86_64-linux-gnu/libstdc++.so.6.0.25
7f4ff2cce000-7f4ff2cd2000 rw-p 00000000 00:00 0 
7f4ff2cd2000-7f4ff2f40000 r--p 00000000 08:01 1444209                    /usr/lib/jvm/java-11-openjdk-amd64/lib/server/libjvm.so
7f4ff2f40000-7f4ff3a5e000 r-xp 0026e000 08:01 1444209                    /usr/lib/jvm/java-11-openjdk-amd64/lib/server/libjvm.so
7f4ff3a5e000-7f4ff3c96000 r--p 00d8c000 08:01 1444209                    /usr/lib/jvm/java-11-openjdk-amd64/lib/server/libjvm.so
7f4ff3c96000-7f4ff3c97000 ---p 00fc4000 08:01 1444209                    /usr/lib/jvm/java-11-openjdk-amd64/lib/server/libjvm.so
7f4ff3c97000-7f4ff3d54000 r--p 00fc4000 08:01 1444209                    /usr/lib/jvm/java-11-openjdk-amd64/lib/server/libjvm.so
7f4ff3d54000-7f4ff3d8d000 rw-p 01081000 08:01 1444209                    /usr/lib/jvm/java-11-openjdk-amd64/lib/server/libjvm.so
7f4ff3d8d000-7f4ff3de5000 rw-p 00000000 00:00 0 
7f4ff3de5000-7f4ff3e07000 r--p 00000000 08:01 1448729                    /usr/lib/x86_64-linux-gnu/libc-2.28.so
7f4ff3e07000-7f4ff3f4f000 r-xp 00022000 08:01 1448729                    /usr/lib/x86_64-linux-gnu/libc-2.28.so
7f4ff3f4f000-7f4ff3f9b000 r--p 0016a000 08:01 1448729                    /usr/lib/x86_64-linux-gnu/libc-2.28.so
7f4ff3f9b000-7f4ff3f9c000 ---p 001b6000 08:01 1448729                    /usr/lib/x86_64-linux-gnu/libc-2.28.so
7f4ff3f9c000-7f4ff3fa0000 r--p 001b6000 08:01 1448729                    /usr/lib/x86_64-linux-gnu/libc-2.28.so
7f4ff3fa0000-7f4ff3fa2000 rw-p 001ba000 08:01 1448729                    /usr/lib/x86_64-linux-gnu/libc-2.28.so
7f4ff3fa2000-7f4ff3fa6000 rw-p 00000000 00:00 0 
7f4ff3fa6000-7f4ff3fa7000 r--p 00000000 08:01 1448731                    /usr/lib/x86_64-linux-gnu/libdl-2.28.so
7f4ff3fa7000-7f4ff3fa8000 r-xp 00001000 08:01 1448731                    /usr/lib/x86_64-linux-gnu/libdl-2.28.so
7f4ff3fa8000-7f4ff3fa9000 r--p 00002000 08:01 1448731                    /usr/lib/x86_64-linux-gnu/libdl-2.28.so
7f4ff3fa9000-7f4ff3faa000 r--p 00002000 08:01 1448731                    /usr/lib/x86_64-linux-gnu/libdl-2.28.so
7f4ff3faa000-7f4ff3fab000 rw-p 00003000 08:01 1448731                    /usr/lib/x86_64-linux-gnu/libdl-2.28.so
7f4ff3fab000-7f4ff3fae000 r--p 00000000 08:01 1444169                    /usr/lib/jvm/java-11-openjdk-amd64/lib/jli/libjli.so
7f4ff3fae000-7f4ff3fb8000 r-xp 00003000 08:01 1444169                    /usr/lib/jvm/java-11-openjdk-amd64/lib/jli/libjli.so
7f4ff3fb8000-7f4ff3fbb000 r--p 0000d000 08:01 1444169                    /usr/lib/jvm/java-11-openjdk-amd64/lib/jli/libjli.so
7f4ff3fbb000-7f4ff3fbc000 r--p 0000f000 08:01 1444169                    /usr/lib/jvm/java-11-openjdk-amd64/lib/jli/libjli.so
7f4ff3fbc000-7f4ff3fbd000 rw-p 00010000 08:01 1444169                    /usr/lib/jvm/java-11-openjdk-amd64/lib/jli/libjli.so
7f4ff3fbd000-7f4ff3fc3000 r--p 00000000 08:01 1448743                    /usr/lib/x86_64-linux-gnu/libpthread-2.28.so
7f4ff3fc3000-7f4ff3fd2000 r-xp 00006000 08:01 1448743                    /usr/lib/x86_64-linux-gnu/libpthread-2.28.so
7f4ff3fd2000-7f4ff3fd8000 r--p 00015000 08:01 1448743                    /usr/lib/x86_64-linux-gnu/libpthread-2.28.so
7f4ff3fd8000-7f4ff3fd9000 r--p 0001a000 08:01 1448743                    /usr/lib/x86_64-linux-gnu/libpthread-2.28.so
7f4ff3fd9000-7f4ff3fda000 rw-p 0001b000 08:01 1448743                    /usr/lib/x86_64-linux-gnu/libpthread-2.28.so
7f4ff3fda000-7f4ff3fde000 rw-p 00000000 00:00 0 
7f4ff3fde000-7f4ff3ffa000 r-xp 00000000 08:01 1451498                    /usr/lib/x86_64-linux-gnu/libz.so.1.2.11
7f4ff3ffa000-7f4ff41fa000 ---p 0001c000 08:01 1451498                    /usr/lib/x86_64-linux-gnu/libz.so.1.2.11
7f4ff41fa000-7f4ff41fb000 r--p 0001c000 08:01 1451498                    /usr/lib/x86_64-linux-gnu/libz.so.1.2.11
7f4ff41fb000-7f4ff41fc000 rw-p 0001d000 08:01 1451498                    /usr/lib/x86_64-linux-gnu/libz.so.1.2.11
7f4ff41fc000-7f4ff41fe000 rw-p 00000000 00:00 0 
7f4ff4203000-7f4ff420b000 rw-s 00000000 08:01 2490439                    /tmp/hsperfdata_root/32681
7f4ff420b000-7f4ff420c000 ---p 00000000 00:00 0 
7f4ff420c000-7f4ff420d000 r--p 00000000 00:00 0 
7f4ff420d000-7f4ff4212000 r--p 00000000 08:01 1444204                    /usr/lib/jvm/java-11-openjdk-amd64/lib/libverify.so
7f4ff4212000-7f4ff4219000 r-xp 00005000 08:01 1444204                    /usr/lib/jvm/java-11-openjdk-amd64/lib/libverify.so
7f4ff4219000-7f4ff421b000 r--p 0000c000 08:01 1444204                    /usr/lib/jvm/java-11-openjdk-amd64/lib/libverify.so
7f4ff421b000-7f4ff421d000 r--p 0000d000 08:01 1444204                    /usr/lib/jvm/java-11-openjdk-amd64/lib/libverify.so
7f4ff421d000-7f4ff421e000 rw-p 0000f000 08:01 1444204                    /usr/lib/jvm/java-11-openjdk-amd64/lib/libverify.so
7f4ff421e000-7f4ff421f000 r--p 00000000 08:01 1448725                    /usr/lib/x86_64-linux-gnu/ld-2.28.so
7f4ff421f000-7f4ff423d000 r-xp 00001000 08:01 1448725                    /usr/lib/x86_64-linux-gnu/ld-2.28.so
7f4ff423d000-7f4ff4245000 r--p 0001f000 08:01 1448725                    /usr/lib/x86_64-linux-gnu/ld-2.28.so
7f4ff4245000-7f4ff4246000 r--p 00026000 08:01 1448725                    /usr/lib/x86_64-linux-gnu/ld-2.28.so
7f4ff4246000-7f4ff4247000 rw-p 00027000 08:01 1448725                    /usr/lib/x86_64-linux-gnu/ld-2.28.so
7f4ff4247000-7f4ff4248000 rw-p 00000000 00:00 0 
7ffe83fbe000-7ffe83fdf000 rw-p 00000000 00:00 0                          [stack]
7ffe83ff7000-7ffe83ffa000 r--p 00000000 00:00 0                          [vvar]
7ffe83ffa000-7ffe83ffc000 r-xp 00000000 00:00 0                          [vdso]


VM Arguments:
jvm_args: -Dfile.encoding=UTF-8 
java_command: com.kiri.calculatormm.util.NumberCalculateHelper
java_class_path (initial): /root/eclipse-workspace/Calculator--/bin/main:/usr/lib/maven-lib/caches/modules-2/files-2.1/org.apache.commons/commons-math3/3.6.1/e4ba98f1d4b3c80ec46392f25e094a6a2e58fcbf/commons-math3-3.6.1.jar:/usr/lib/maven-lib/caches/modules-2/files-2.1/com.google.guava/guava/27.0.1-jre/bd41a290787b5301e63929676d792c507bbc00ae/guava-27.0.1-jre.jar:/usr/lib/maven-lib/caches/modules-2/files-2.1/com.google.guava/failureaccess/1.0.1/1dcf1de382a0bf95a3d8b0849546c88bac1292c9/failureaccess-1.0.1.jar:/usr/lib/maven-lib/caches/modules-2/files-2.1/com.google.guava/listenablefuture/9999.0-empty-to-avoid-conflict-with-guava/b421526c5f297295adef1c886e5246c39d4ac629/listenablefuture-9999.0-empty-to-avoid-conflict-with-guava.jar:/usr/lib/maven-lib/caches/modules-2/files-2.1/com.google.code.findbugs/jsr305/3.0.2/25ea2e8b0c338a877313bd4672d3fe056ea78f0d/jsr305-3.0.2.jar:/usr/lib/maven-lib/caches/modules-2/files-2.1/org.checkerframework/checker-qual/2.5.2/cea74543d5904a30861a61b4643a5f2bb372efc4/checker-qual-2.5.2.jar:/usr/lib/maven-lib/caches/modules-2/files-2.1/com.google.errorprone/error_prone_annotations/2.2.0/88e3c593e9b3586e1c6177f89267da6fc6986f0c/error_prone_annotations-2.2.0.jar:/usr/lib/maven-lib/caches/modules-2/files-2.1/com.google.j2objc/j2objc-annotations/1.1/ed28ded51a8b1c6b112568def5f4b455e6809019/j2objc-annotations-1.1.jar:/usr/lib/maven-lib/caches/modules-2/files-2.1/org.codehaus.mojo/animal-sniffer-annotations/1.17/f97ce6decaea32b36101e37979f8b647f00681fb/animal-sniffer-annotations-1.17.jar
Launcher Type: SUN_STANDARD

[Global flags]
     intx CICompilerCount                          = 3                                         {product} {ergonomic}
     uint ConcGCThreads                            = 1                                         {product} {ergonomic}
     uint G1ConcRefinementThreads                  = 4                                         {product} {ergonomic}
   size_t G1HeapRegionSize                         = 1048576                                   {product} {ergonomic}
    uintx GCDrainStackTargetSize                   = 64                                        {product} {ergonomic}
   size_t InitialHeapSize                          = 132120576                                 {product} {ergonomic}
   size_t MarkStackSize                            = 4194304                                   {product} {ergonomic}
   size_t MaxHeapSize                              = 2086666240                                {product} {ergonomic}
   size_t MinHeapDeltaBytes                        = 1048576                                   {product} {ergonomic}
    uintx NonNMethodCodeHeapSize                   = 5830092                                {pd product} {ergonomic}
    uintx NonProfiledCodeHeapSize                  = 122914074                              {pd product} {ergonomic}
    uintx ProfiledCodeHeapSize                     = 122914074                              {pd product} {ergonomic}
    uintx ReservedCodeCacheSize                    = 251658240                              {pd product} {ergonomic}
     bool SegmentedCodeCache                       = true                                      {product} {ergonomic}
     bool UseCompressedClassPointers               = true                                 {lp64_product} {ergonomic}
     bool UseCompressedOops                        = true                                 {lp64_product} {ergonomic}
     bool UseG1GC                                  = true                                      {product} {ergonomic}

Logging:
Log output configuration:
 #0: stdout all=warning uptime,level,tags
 #1: stderr all=off uptime,level,tags

Environment Variables:
PATH=/usr/local/sbin:/usr/local/bin:/usr/sbin:/usr/bin:/sbin:/bin
USERNAME=root
SHELL=/bin/bash
DISPLAY=:1

Signal Handlers:
SIGSEGV: [libjvm.so+0xd19af0], sa_mask[0]=11111111011111111101111111111110, sa_flags=SA_RESTART|SA_SIGINFO
SIGBUS: [libjvm.so+0xd19af0], sa_mask[0]=11111111011111111101111111111110, sa_flags=SA_RESTART|SA_SIGINFO
SIGFPE: [libjvm.so+0xd19af0], sa_mask[0]=11111111011111111101111111111110, sa_flags=SA_RESTART|SA_SIGINFO
SIGPIPE: [libjvm.so+0xb21690], sa_mask[0]=11111111011111111101111111111110, sa_flags=SA_RESTART|SA_SIGINFO
SIGXFSZ: [libjvm.so+0xb21690], sa_mask[0]=11111111011111111101111111111110, sa_flags=SA_RESTART|SA_SIGINFO
SIGILL: [libjvm.so+0xd19af0], sa_mask[0]=11111111011111111101111111111110, sa_flags=SA_RESTART|SA_SIGINFO
SIGUSR2: [libjvm.so+0xb21520], sa_mask[0]=00100000000000000000000000000000, sa_flags=SA_RESTART|SA_SIGINFO
SIGHUP: SIG_DFL, sa_mask[0]=00000000000000000000000000000000, sa_flags=none
SIGINT: SIG_DFL, sa_mask[0]=00000000000000000000000000000000, sa_flags=none
SIGTERM: SIG_DFL, sa_mask[0]=00000000000000000000000000000000, sa_flags=none
SIGQUIT: SIG_DFL, sa_mask[0]=00000000000000000000000000000000, sa_flags=none


---------------  S Y S T E M  ---------------

OS:DISTRIB_ID=Kali
DISTRIB_RELEASE=kali-rolling
DISTRIB_CODENAME=kali-rolling
DISTRIB_DESCRIPTION="Kali GNU/Linux Rolling"
uname:Linux 4.19.0-kali4-amd64 #1 SMP Debian 4.19.28-2kali1 (2019-03-18) x86_64
libc:glibc 2.28 NPTL 2.28 
rlimit: STACK 8192k, CORE 0k, NPROC 31646, NOFILE 1048576, AS infinity, DATA infinity, FSIZE infinity
load average:1.88 1.00 0.51

/proc/meminfo:
MemTotal:        8147028 kB
MemFree:          104788 kB
MemAvailable:      22568 kB
Buffers:            1052 kB
Cached:          3519848 kB
SwapCached:            0 kB
Active:          4151216 kB
Inactive:        3511384 kB
Active(anon):    4143888 kB
Inactive(anon):  3503508 kB
Active(file):       7328 kB
Inactive(file):     7876 kB
Unevictable:          32 kB
Mlocked:              32 kB
SwapTotal:             0 kB
SwapFree:              0 kB
Dirty:                16 kB
Writeback:             0 kB
AnonPages:       4142324 kB
Mapped:          3267724 kB
Shmem:           3505104 kB
Slab:             223308 kB
SReclaimable:      94180 kB
SUnreclaim:       129128 kB
KernelStack:       15392 kB
PageTables:        37092 kB
NFS_Unstable:          0 kB
Bounce:                0 kB
WritebackTmp:          0 kB
CommitLimit:     4073512 kB
Committed_AS:   12635648 kB
VmallocTotal:   34359738367 kB
VmallocUsed:           0 kB
VmallocChunk:          0 kB
Percpu:            55296 kB
HardwareCorrupted:     0 kB
AnonHugePages:   1785856 kB
ShmemHugePages:        0 kB
ShmemPmdMapped:        0 kB
HugePages_Total:       0
HugePages_Free:        0
HugePages_Rsvd:        0
HugePages_Surp:        0
Hugepagesize:       2048 kB
Hugetlb:               0 kB
DirectMap4k:      247680 kB
DirectMap2M:     8140800 kB


/proc/sys/kernel/threads-max (system-wide limit on the number of threads):
63293


/proc/sys/vm/max_map_count (maximum number of memory map areas a process may have):
65530


/proc/sys/kernel/pid_max (system-wide limit on number of process identifiers):
131072



container (cgroup) information:
container_type: cgroupv1
cpu_cpuset_cpus: 0-3
cpu_memory_nodes: 0
active_processor_count: 4
cpu_quota: -1
cpu_period: 100000
cpu_shares: -1
memory_limit_in_bytes: -1
memory_and_swap_limit_in_bytes: -2
memory_soft_limit_in_bytes: -1
memory_usage_in_bytes: 1757900800
memory_max_usage_in_bytes: 1791209472


CPU:total 4 (initial active 4) (2 cores per cpu, 1 threads per core) family 6 model 58 stepping 9, cmov, cx8, fxsr, mmx, sse, sse2, sse3, ssse3, sse4.1, sse4.2, popcnt, avx, aes, clmul, erms, tsc, tscinvbit, tscinv
CPU Model and flags from /proc/cpuinfo:
model name	: Intel(R) Core(TM) i7-3770K CPU @ 3.50GHz
flags		: fpu vme de pse tsc msr pae mce cx8 apic sep mtrr pge mca cmov pat pse36 clflush mmx fxsr sse sse2 ss ht syscall nx rdtscp lm constant_tsc arch_perfmon nopl xtopology tsc_reliable nonstop_tsc cpuid pni pclmulqdq ssse3 cx16 pcid sse4_1 sse4_2 x2apic popcnt tsc_deadline_timer aes xsave avx f16c rdrand hypervisor lahf_lm cpuid_fault pti fsgsbase tsc_adjust smep arat

Memory: 4k page, physical 8147028k(104788k free), swap 0k(0k free)

vm_info: OpenJDK 64-Bit Server VM (11.0.3+1-Debian-1) for linux-amd64 JRE (11.0.3+1-Debian-1), built on Feb 27 2019 14:44:14 by "buildd" with gcc 8.2.0

END.
