#
# There is insufficient memory for the Java Runtime Environment to continue.
# Native memory allocation (mmap) failed to map 132120576 bytes for committing reserved memory.
# Possible reasons:
#   The system is out of physical RAM or swap space
#   The process is running with CompressedOops enabled, and the Java Heap may be blocking the growth of the native heap
# Possible solutions:
#   Reduce memory load on the system
#   Increase physical memory or swap space
#   Check if swap backing store is full
#   Decrease Java heap size (-Xmx/-Xms)
#   Decrease number of Java threads
#   Decrease Java thread stack sizes (-Xss)
#   Set larger code cache with -XX:ReservedCodeCacheSize=
# This output file may be truncated or incomplete.
#
#  Out of Memory Error (os_linux.cpp:2718), pid=32693, tid=32698
#
# JRE version:  (11.0.3+1) (build )
# Java VM: OpenJDK 64-Bit Server VM (11.0.3+1-Debian-1, mixed mode, aot, sharing, tiered, compressed oops, g1 gc, linux-amd64)
# No core dump will be written. Core dumps have been disabled. To enable core dumping, try "ulimit -c unlimited" before starting Java again
#

---------------  S U M M A R Y ------------

Command Line: -Dfile.encoding=UTF-8 com.kiri.calculatormm.util.NumberCalculateHelper

Host: Intel(R) Core(TM) i7-3770K CPU @ 3.50GHz, 4 cores, 7G, Kali GNU/Linux Rolling
Time: Sat Jul 27 04:57:13 2019 EDT elapsed time: 0 seconds (0d 0h 0m 0s)

---------------  T H R E A D  ---------------

Current thread (0x00007ff43c012000):  JavaThread "Unknown thread" [_thread_in_vm, id=32698, stack(0x00007ff4413f8000,0x00007ff4414f9000)]

Stack: [0x00007ff4413f8000,0x00007ff4414f9000],  sp=0x00007ff4414f72d0,  free space=1020k
Native frames: (J=compiled Java code, A=aot compiled Java code, j=interpreted, Vv=VM code, C=native code)
V  [libjvm.so+0xd181ae]
V  [libjvm.so+0xd18dfb]
V  [libjvm.so+0x617cf5]
V  [libjvm.so+0xb25a48]
V  [libjvm.so+0xb1cdbd]
V  [libjvm.so+0x73014f]
V  [libjvm.so+0x7304fe]
V  [libjvm.so+0x7397f6]
V  [libjvm.so+0x7b0734]
V  [libjvm.so+0x7b1340]
V  [libjvm.so+0x7b1767]
V  [libjvm.so+0x6eed40]
V  [libjvm.so+0x6ef441]
V  [libjvm.so+0xcdad92]
V  [libjvm.so+0xcdb026]
V  [libjvm.so+0x7c7f17]
V  [libjvm.so+0xcbb6ed]
V  [libjvm.so+0x86bb01]  JNI_CreateJavaVM+0x51
C  [libjli.so+0x47ff]
C  [libjli.so+0x958d]


---------------  P R O C E S S  ---------------

Threads class SMR info:
_java_thread_list=0x0000564e1a9e6540, length=0, elements={
}

Java Threads: ( => current thread )

Other Threads:
  0x00007ff43c027800 GCTaskThread "GC Thread#0" [stack: 0x00007ff4410b7000,0x00007ff4411b7000] [id=32699]
  0x00007ff43c059000 ConcurrentGCThread "G1 Main Marker" [stack: 0x00007ff42487e000,0x00007ff42497e000] [id=32700]
  0x00007ff43c05a800 ConcurrentGCThread "G1 Conc#0" [stack: 0x00007ff42477c000,0x00007ff42487c000] [id=32701]

[error occurred during error reporting (printing all threads), id 0xb, SIGSEGV (0xb) at pc=0x00007ff441f22460]

VM state:not at safepoint (not fully initialized)

VM Mutex/Monitor currently owned by a thread:  ([mutex/lock_event])
[0x00007ff43c00f340] Heap_lock - owner thread: 0x00007ff43c012000

Heap address: 0x0000000083a00000, size: 1990 MB, Compressed Oops mode: Non-zero based: 0x0000000083a00000
Narrow klass base: 0x0000000000000000, Narrow klass shift: 0

GC Heap History (0 events):
No events

Deoptimization events (0 events):
No events

Classes redefined (0 events):
No events

Internal exceptions (0 events):
No events

Events (0 events):
No events


Dynamic libraries:
8b800000-100000000 ---p 00000000 00:00 0 
564e198ad000-564e198ae000 r--p 00000000 08:01 1444108                    /usr/lib/jvm/java-11-openjdk-amd64/bin/java
564e198ae000-564e198af000 r-xp 00001000 08:01 1444108                    /usr/lib/jvm/java-11-openjdk-amd64/bin/java
564e198af000-564e198b0000 r--p 00002000 08:01 1444108                    /usr/lib/jvm/java-11-openjdk-amd64/bin/java
564e198b0000-564e198b1000 r--p 00002000 08:01 1444108                    /usr/lib/jvm/java-11-openjdk-amd64/bin/java
564e198b1000-564e198b2000 rw-p 00003000 08:01 1444108                    /usr/lib/jvm/java-11-openjdk-amd64/bin/java
564e1a9ce000-564e1a9ef000 rw-p 00000000 00:00 0                          [heap]
7ff410000000-7ff410021000 rw-p 00000000 00:00 0 
7ff410021000-7ff414000000 ---p 00000000 00:00 0 
7ff416000000-7ff418000000 rw-p 00000000 00:00 0 
7ff418000000-7ff418021000 rw-p 00000000 00:00 0 
7ff418021000-7ff41c000000 ---p 00000000 00:00 0 
7ff41c1d0000-7ff420000000 ---p 00000000 00:00 0 
7ff420000000-7ff420021000 rw-p 00000000 00:00 0 
7ff420021000-7ff424000000 ---p 00000000 00:00 0 
7ff424376000-7ff42477a000 rw-p 00000000 00:00 0 
7ff42477a000-7ff42477b000 ---p 00000000 00:00 0 
7ff42477b000-7ff42487c000 rw-p 00000000 00:00 0 
7ff42487c000-7ff42487d000 ---p 00000000 00:00 0 
7ff42487d000-7ff42497e000 rw-p 00000000 00:00 0 
7ff42497e000-7ff424bee000 rwxp 00000000 00:00 0 
7ff424bee000-7ff424f0e000 ---p 00000000 00:00 0 
7ff424f0e000-7ff42517e000 rwxp 00000000 00:00 0 
7ff42517e000-7ff42c446000 ---p 00000000 00:00 0 
7ff42c446000-7ff42c6b6000 rwxp 00000000 00:00 0 
7ff42c6b6000-7ff43397e000 ---p 00000000 00:00 0 
7ff43397e000-7ff43c000000 r--s 00000000 08:01 1444206                    /usr/lib/jvm/java-11-openjdk-amd64/lib/modules
7ff43c000000-7ff43c075000 rw-p 00000000 00:00 0 
7ff43c075000-7ff440000000 ---p 00000000 00:00 0 
7ff4400c5000-7ff440108000 rw-p 00000000 00:00 0 
7ff440108000-7ff440cb1000 ---p 00000000 00:00 0 
7ff440cb1000-7ff4410b5000 rw-p 00000000 00:00 0 
7ff4410b5000-7ff4410b6000 ---p 00000000 00:00 0 
7ff4410b6000-7ff4411bc000 rw-p 00000000 00:00 0 
7ff4411bc000-7ff4412a2000 ---p 00000000 00:00 0 
7ff4412a2000-7ff4412a7000 rw-p 00000000 00:00 0 
7ff4412a7000-7ff44138d000 ---p 00000000 00:00 0 
7ff44138d000-7ff441390000 r--p 00000000 08:01 1448738                    /usr/lib/x86_64-linux-gnu/libnss_files-2.28.so
7ff441390000-7ff441397000 r-xp 00003000 08:01 1448738                    /usr/lib/x86_64-linux-gnu/libnss_files-2.28.so
7ff441397000-7ff441399000 r--p 0000a000 08:01 1448738                    /usr/lib/x86_64-linux-gnu/libnss_files-2.28.so
7ff441399000-7ff44139a000 ---p 0000c000 08:01 1448738                    /usr/lib/x86_64-linux-gnu/libnss_files-2.28.so
7ff44139a000-7ff44139b000 r--p 0000c000 08:01 1448738                    /usr/lib/x86_64-linux-gnu/libnss_files-2.28.so
7ff44139b000-7ff44139c000 rw-p 0000d000 08:01 1448738                    /usr/lib/x86_64-linux-gnu/libnss_files-2.28.so
7ff44139c000-7ff4413a2000 rw-p 00000000 00:00 0 
7ff4413a3000-7ff4413a8000 rw-p 00000000 00:00 0 
7ff4413a8000-7ff4413af000 ---p 00000000 00:00 0 
7ff4413af000-7ff4413b1000 r--p 00000000 08:01 1444188                    /usr/lib/jvm/java-11-openjdk-amd64/lib/libjimage.so
7ff4413b1000-7ff4413b4000 r-xp 00002000 08:01 1444188                    /usr/lib/jvm/java-11-openjdk-amd64/lib/libjimage.so
7ff4413b4000-7ff4413b6000 r--p 00005000 08:01 1444188                    /usr/lib/jvm/java-11-openjdk-amd64/lib/libjimage.so
7ff4413b6000-7ff4413b7000 r--p 00006000 08:01 1444188                    /usr/lib/jvm/java-11-openjdk-amd64/lib/libjimage.so
7ff4413b7000-7ff4413b8000 rw-p 00007000 08:01 1444188                    /usr/lib/jvm/java-11-openjdk-amd64/lib/libjimage.so
7ff4413b8000-7ff4413ba000 r--p 00000000 08:01 1444205                    /usr/lib/jvm/java-11-openjdk-amd64/lib/libzip.so
7ff4413ba000-7ff4413be000 r-xp 00002000 08:01 1444205                    /usr/lib/jvm/java-11-openjdk-amd64/lib/libzip.so
7ff4413be000-7ff4413c0000 r--p 00006000 08:01 1444205                    /usr/lib/jvm/java-11-openjdk-amd64/lib/libzip.so
7ff4413c0000-7ff4413c1000 r--p 00007000 08:01 1444205                    /usr/lib/jvm/java-11-openjdk-amd64/lib/libzip.so
7ff4413c1000-7ff4413c2000 rw-p 00008000 08:01 1444205                    /usr/lib/jvm/java-11-openjdk-amd64/lib/libzip.so
7ff4413c2000-7ff4413cf000 r--p 00000000 08:01 1444184                    /usr/lib/jvm/java-11-openjdk-amd64/lib/libjava.so
7ff4413cf000-7ff4413e4000 r-xp 0000d000 08:01 1444184                    /usr/lib/jvm/java-11-openjdk-amd64/lib/libjava.so
7ff4413e4000-7ff4413eb000 r--p 00022000 08:01 1444184                    /usr/lib/jvm/java-11-openjdk-amd64/lib/libjava.so
7ff4413eb000-7ff4413ec000 r--p 00028000 08:01 1444184                    /usr/lib/jvm/java-11-openjdk-amd64/lib/libjava.so
7ff4413ec000-7ff4413ee000 rw-p 00029000 08:01 1444184                    /usr/lib/jvm/java-11-openjdk-amd64/lib/libjava.so
7ff4413ee000-7ff4413f0000 r--p 00000000 08:01 1448745                    /usr/lib/x86_64-linux-gnu/librt-2.28.so
7ff4413f0000-7ff4413f4000 r-xp 00002000 08:01 1448745                    /usr/lib/x86_64-linux-gnu/librt-2.28.so
7ff4413f4000-7ff4413f6000 r--p 00006000 08:01 1448745                    /usr/lib/x86_64-linux-gnu/librt-2.28.so
7ff4413f6000-7ff4413f7000 r--p 00007000 08:01 1448745                    /usr/lib/x86_64-linux-gnu/librt-2.28.so
7ff4413f7000-7ff4413f8000 rw-p 00008000 08:01 1448745                    /usr/lib/x86_64-linux-gnu/librt-2.28.so
7ff4413f8000-7ff4413fc000 ---p 00000000 00:00 0 
7ff4413fc000-7ff4414f9000 rw-p 00000000 00:00 0 
7ff4414f9000-7ff4414fc000 r--p 00000000 08:01 1442236                    /usr/lib/x86_64-linux-gnu/libgcc_s.so.1
7ff4414fc000-7ff44150d000 r-xp 00003000 08:01 1442236                    /usr/lib/x86_64-linux-gnu/libgcc_s.so.1
7ff44150d000-7ff441510000 r--p 00014000 08:01 1442236                    /usr/lib/x86_64-linux-gnu/libgcc_s.so.1
7ff441510000-7ff441511000 ---p 00017000 08:01 1442236                    /usr/lib/x86_64-linux-gnu/libgcc_s.so.1
7ff441511000-7ff441512000 r--p 00017000 08:01 1442236                    /usr/lib/x86_64-linux-gnu/libgcc_s.so.1
7ff441512000-7ff441513000 rw-p 00018000 08:01 1442236                    /usr/lib/x86_64-linux-gnu/libgcc_s.so.1
7ff441513000-7ff441520000 r--p 00000000 08:01 1448732                    /usr/lib/x86_64-linux-gnu/libm-2.28.so
7ff441520000-7ff4415bf000 r-xp 0000d000 08:01 1448732                    /usr/lib/x86_64-linux-gnu/libm-2.28.so
7ff4415bf000-7ff441694000 r--p 000ac000 08:01 1448732                    /usr/lib/x86_64-linux-gnu/libm-2.28.so
7ff441694000-7ff441695000 r--p 00180000 08:01 1448732                    /usr/lib/x86_64-linux-gnu/libm-2.28.so
7ff441695000-7ff441696000 rw-p 00181000 08:01 1448732                    /usr/lib/x86_64-linux-gnu/libm-2.28.so
7ff441696000-7ff44171f000 r--p 00000000 08:01 1442723                    /usr/lib/x86_64-linux-gnu/libstdc++.so.6.0.25
7ff44171f000-7ff4417cb000 r-xp 00089000 08:01 1442723                    /usr/lib/x86_64-linux-gnu/libstdc++.so.6.0.25
7ff4417cb000-7ff441809000 r--p 00135000 08:01 1442723                    /usr/lib/x86_64-linux-gnu/libstdc++.so.6.0.25
7ff441809000-7ff44180a000 ---p 00173000 08:01 1442723                    /usr/lib/x86_64-linux-gnu/libstdc++.so.6.0.25
7ff44180a000-7ff441814000 r--p 00173000 08:01 1442723                    /usr/lib/x86_64-linux-gnu/libstdc++.so.6.0.25
7ff441814000-7ff441816000 rw-p 0017d000 08:01 1442723                    /usr/lib/x86_64-linux-gnu/libstdc++.so.6.0.25
7ff441816000-7ff44181a000 rw-p 00000000 00:00 0 
7ff44181a000-7ff441a88000 r--p 00000000 08:01 1444209                    /usr/lib/jvm/java-11-openjdk-amd64/lib/server/libjvm.so
7ff441a88000-7ff4425a6000 r-xp 0026e000 08:01 1444209                    /usr/lib/jvm/java-11-openjdk-amd64/lib/server/libjvm.so
7ff4425a6000-7ff4427de000 r--p 00d8c000 08:01 1444209                    /usr/lib/jvm/java-11-openjdk-amd64/lib/server/libjvm.so
7ff4427de000-7ff4427df000 ---p 00fc4000 08:01 1444209                    /usr/lib/jvm/java-11-openjdk-amd64/lib/server/libjvm.so
7ff4427df000-7ff44289c000 r--p 00fc4000 08:01 1444209                    /usr/lib/jvm/java-11-openjdk-amd64/lib/server/libjvm.so
7ff44289c000-7ff4428d5000 rw-p 01081000 08:01 1444209                    /usr/lib/jvm/java-11-openjdk-amd64/lib/server/libjvm.so
7ff4428d5000-7ff44292d000 rw-p 00000000 00:00 0 
7ff44292d000-7ff44294f000 r--p 00000000 08:01 1448729                    /usr/lib/x86_64-linux-gnu/libc-2.28.so
7ff44294f000-7ff442a97000 r-xp 00022000 08:01 1448729                    /usr/lib/x86_64-linux-gnu/libc-2.28.so
7ff442a97000-7ff442ae3000 r--p 0016a000 08:01 1448729                    /usr/lib/x86_64-linux-gnu/libc-2.28.so
7ff442ae3000-7ff442ae4000 ---p 001b6000 08:01 1448729                    /usr/lib/x86_64-linux-gnu/libc-2.28.so
7ff442ae4000-7ff442ae8000 r--p 001b6000 08:01 1448729                    /usr/lib/x86_64-linux-gnu/libc-2.28.so
7ff442ae8000-7ff442aea000 rw-p 001ba000 08:01 1448729                    /usr/lib/x86_64-linux-gnu/libc-2.28.so
7ff442aea000-7ff442aee000 rw-p 00000000 00:00 0 
7ff442aee000-7ff442aef000 r--p 00000000 08:01 1448731                    /usr/lib/x86_64-linux-gnu/libdl-2.28.so
7ff442aef000-7ff442af0000 r-xp 00001000 08:01 1448731                    /usr/lib/x86_64-linux-gnu/libdl-2.28.so
7ff442af0000-7ff442af1000 r--p 00002000 08:01 1448731                    /usr/lib/x86_64-linux-gnu/libdl-2.28.so
7ff442af1000-7ff442af2000 r--p 00002000 08:01 1448731                    /usr/lib/x86_64-linux-gnu/libdl-2.28.so
7ff442af2000-7ff442af3000 rw-p 00003000 08:01 1448731                    /usr/lib/x86_64-linux-gnu/libdl-2.28.so
7ff442af3000-7ff442af6000 r--p 00000000 08:01 1444169                    /usr/lib/jvm/java-11-openjdk-amd64/lib/jli/libjli.so
7ff442af6000-7ff442b00000 r-xp 00003000 08:01 1444169                    /usr/lib/jvm/java-11-openjdk-amd64/lib/jli/libjli.so
7ff442b00000-7ff442b03000 r--p 0000d000 08:01 1444169                    /usr/lib/jvm/java-11-openjdk-amd64/lib/jli/libjli.so
7ff442b03000-7ff442b04000 r--p 0000f000 08:01 1444169                    /usr/lib/jvm/java-11-openjdk-amd64/lib/jli/libjli.so
7ff442b04000-7ff442b05000 rw-p 00010000 08:01 1444169                    /usr/lib/jvm/java-11-openjdk-amd64/lib/jli/libjli.so
7ff442b05000-7ff442b0b000 r--p 00000000 08:01 1448743                    /usr/lib/x86_64-linux-gnu/libpthread-2.28.so
7ff442b0b000-7ff442b1a000 r-xp 00006000 08:01 1448743                    /usr/lib/x86_64-linux-gnu/libpthread-2.28.so
7ff442b1a000-7ff442b20000 r--p 00015000 08:01 1448743                    /usr/lib/x86_64-linux-gnu/libpthread-2.28.so
7ff442b20000-7ff442b21000 r--p 0001a000 08:01 1448743                    /usr/lib/x86_64-linux-gnu/libpthread-2.28.so
7ff442b21000-7ff442b22000 rw-p 0001b000 08:01 1448743                    /usr/lib/x86_64-linux-gnu/libpthread-2.28.so
7ff442b22000-7ff442b26000 rw-p 00000000 00:00 0 
7ff442b26000-7ff442b42000 r-xp 00000000 08:01 1451498                    /usr/lib/x86_64-linux-gnu/libz.so.1.2.11
7ff442b42000-7ff442d42000 ---p 0001c000 08:01 1451498                    /usr/lib/x86_64-linux-gnu/libz.so.1.2.11
7ff442d42000-7ff442d43000 r--p 0001c000 08:01 1451498                    /usr/lib/x86_64-linux-gnu/libz.so.1.2.11
7ff442d43000-7ff442d44000 rw-p 0001d000 08:01 1451498                    /usr/lib/x86_64-linux-gnu/libz.so.1.2.11
7ff442d44000-7ff442d46000 rw-p 00000000 00:00 0 
7ff442d4b000-7ff442d53000 rw-s 00000000 08:01 2490439                    /tmp/hsperfdata_root/32693
7ff442d53000-7ff442d54000 ---p 00000000 00:00 0 
7ff442d54000-7ff442d55000 r--p 00000000 00:00 0 
7ff442d55000-7ff442d5a000 r--p 00000000 08:01 1444204                    /usr/lib/jvm/java-11-openjdk-amd64/lib/libverify.so
7ff442d5a000-7ff442d61000 r-xp 00005000 08:01 1444204                    /usr/lib/jvm/java-11-openjdk-amd64/lib/libverify.so
7ff442d61000-7ff442d63000 r--p 0000c000 08:01 1444204                    /usr/lib/jvm/java-11-openjdk-amd64/lib/libverify.so
7ff442d63000-7ff442d65000 r--p 0000d000 08:01 1444204                    /usr/lib/jvm/java-11-openjdk-amd64/lib/libverify.so
7ff442d65000-7ff442d66000 rw-p 0000f000 08:01 1444204                    /usr/lib/jvm/java-11-openjdk-amd64/lib/libverify.so
7ff442d66000-7ff442d67000 r--p 00000000 08:01 1448725                    /usr/lib/x86_64-linux-gnu/ld-2.28.so
7ff442d67000-7ff442d85000 r-xp 00001000 08:01 1448725                    /usr/lib/x86_64-linux-gnu/ld-2.28.so
7ff442d85000-7ff442d8d000 r--p 0001f000 08:01 1448725                    /usr/lib/x86_64-linux-gnu/ld-2.28.so
7ff442d8d000-7ff442d8e000 r--p 00026000 08:01 1448725                    /usr/lib/x86_64-linux-gnu/ld-2.28.so
7ff442d8e000-7ff442d8f000 rw-p 00027000 08:01 1448725                    /usr/lib/x86_64-linux-gnu/ld-2.28.so
7ff442d8f000-7ff442d90000 rw-p 00000000 00:00 0 
7ffd41712000-7ffd41733000 rw-p 00000000 00:00 0                          [stack]
7ffd417f2000-7ffd417f5000 r--p 00000000 00:00 0                          [vvar]
7ffd417f5000-7ffd417f7000 r-xp 00000000 00:00 0                          [vdso]


VM Arguments:
jvm_args: -Dfile.encoding=UTF-8 
java_command: com.kiri.calculatormm.util.NumberCalculateHelper
java_class_path (initial): /root/eclipse-workspace/Calculator--/bin/main:/usr/lib/maven-lib/caches/modules-2/files-2.1/org.apache.commons/commons-math3/3.6.1/e4ba98f1d4b3c80ec46392f25e094a6a2e58fcbf/commons-math3-3.6.1.jar:/usr/lib/maven-lib/caches/modules-2/files-2.1/com.google.guava/guava/27.0.1-jre/bd41a290787b5301e63929676d792c507bbc00ae/guava-27.0.1-jre.jar:/usr/lib/maven-lib/caches/modules-2/files-2.1/com.google.guava/failureaccess/1.0.1/1dcf1de382a0bf95a3d8b0849546c88bac1292c9/failureaccess-1.0.1.jar:/usr/lib/maven-lib/caches/modules-2/files-2.1/com.google.guava/listenablefuture/9999.0-empty-to-avoid-conflict-with-guava/b421526c5f297295adef1c886e5246c39d4ac629/listenablefuture-9999.0-empty-to-avoid-conflict-with-guava.jar:/usr/lib/maven-lib/caches/modules-2/files-2.1/com.google.code.findbugs/jsr305/3.0.2/25ea2e8b0c338a877313bd4672d3fe056ea78f0d/jsr305-3.0.2.jar:/usr/lib/maven-lib/caches/modules-2/files-2.1/org.checkerframework/checker-qual/2.5.2/cea74543d5904a30861a61b4643a5f2bb372efc4/checker-qual-2.5.2.jar:/usr/lib/maven-lib/caches/modules-2/files-2.1/com.google.errorprone/error_prone_annotations/2.2.0/88e3c593e9b3586e1c6177f89267da6fc6986f0c/error_prone_annotations-2.2.0.jar:/usr/lib/maven-lib/caches/modules-2/files-2.1/com.google.j2objc/j2objc-annotations/1.1/ed28ded51a8b1c6b112568def5f4b455e6809019/j2objc-annotations-1.1.jar:/usr/lib/maven-lib/caches/modules-2/files-2.1/org.codehaus.mojo/animal-sniffer-annotations/1.17/f97ce6decaea32b36101e37979f8b647f00681fb/animal-sniffer-annotations-1.17.jar
Launcher Type: SUN_STANDARD

[Global flags]
     intx CICompilerCount                          = 3                                         {product} {ergonomic}
     uint ConcGCThreads                            = 1                                         {product} {ergonomic}
     uint G1ConcRefinementThreads                  = 4                                         {product} {ergonomic}
   size_t G1HeapRegionSize                         = 1048576                                   {product} {ergonomic}
    uintx GCDrainStackTargetSize                   = 64                                        {product} {ergonomic}
   size_t InitialHeapSize                          = 132120576                                 {product} {ergonomic}
   size_t MarkStackSize                            = 4194304                                   {product} {ergonomic}
   size_t MaxHeapSize                              = 2086666240                                {product} {ergonomic}
   size_t MinHeapDeltaBytes                        = 1048576                                   {product} {ergonomic}
    uintx NonNMethodCodeHeapSize                   = 5830092                                {pd product} {ergonomic}
    uintx NonProfiledCodeHeapSize                  = 122914074                              {pd product} {ergonomic}
    uintx ProfiledCodeHeapSize                     = 122914074                              {pd product} {ergonomic}
    uintx ReservedCodeCacheSize                    = 251658240                              {pd product} {ergonomic}
     bool SegmentedCodeCache                       = true                                      {product} {ergonomic}
     bool UseCompressedClassPointers               = true                                 {lp64_product} {ergonomic}
     bool UseCompressedOops                        = true                                 {lp64_product} {ergonomic}
     bool UseG1GC                                  = true                                      {product} {ergonomic}

Logging:
Log output configuration:
 #0: stdout all=warning uptime,level,tags
 #1: stderr all=off uptime,level,tags

Environment Variables:
PATH=/usr/local/sbin:/usr/local/bin:/usr/sbin:/usr/bin:/sbin:/bin
USERNAME=root
SHELL=/bin/bash
DISPLAY=:1

Signal Handlers:
SIGSEGV: [libjvm.so+0xd19af0], sa_mask[0]=11111111011111111101111111111110, sa_flags=SA_RESTART|SA_SIGINFO
SIGBUS: [libjvm.so+0xd19af0], sa_mask[0]=11111111011111111101111111111110, sa_flags=SA_RESTART|SA_SIGINFO
SIGFPE: [libjvm.so+0xd19af0], sa_mask[0]=11111111011111111101111111111110, sa_flags=SA_RESTART|SA_SIGINFO
SIGPIPE: [libjvm.so+0xb21690], sa_mask[0]=11111111011111111101111111111110, sa_flags=SA_RESTART|SA_SIGINFO
SIGXFSZ: [libjvm.so+0xb21690], sa_mask[0]=11111111011111111101111111111110, sa_flags=SA_RESTART|SA_SIGINFO
SIGILL: [libjvm.so+0xd19af0], sa_mask[0]=11111111011111111101111111111110, sa_flags=SA_RESTART|SA_SIGINFO
SIGUSR2: [libjvm.so+0xb21520], sa_mask[0]=00100000000000000000000000000000, sa_flags=SA_RESTART|SA_SIGINFO
SIGHUP: SIG_DFL, sa_mask[0]=00000000000000000000000000000000, sa_flags=none
SIGINT: SIG_DFL, sa_mask[0]=00000000000000000000000000000000, sa_flags=none
SIGTERM: SIG_DFL, sa_mask[0]=00000000000000000000000000000000, sa_flags=none
SIGQUIT: SIG_DFL, sa_mask[0]=00000000000000000000000000000000, sa_flags=none


---------------  S Y S T E M  ---------------

OS:DISTRIB_ID=Kali
DISTRIB_RELEASE=kali-rolling
DISTRIB_CODENAME=kali-rolling
DISTRIB_DESCRIPTION="Kali GNU/Linux Rolling"
uname:Linux 4.19.0-kali4-amd64 #1 SMP Debian 4.19.28-2kali1 (2019-03-18) x86_64
libc:glibc 2.28 NPTL 2.28 
rlimit: STACK 8192k, CORE 0k, NPROC 31646, NOFILE 1048576, AS infinity, DATA infinity, FSIZE infinity
load average:2.14 1.08 0.55

/proc/meminfo:
MemTotal:        8147028 kB
MemFree:          104316 kB
MemAvailable:      23368 kB
Buffers:            1004 kB
Cached:          3522504 kB
SwapCached:            0 kB
Active:          4151912 kB
Inactive:        3513708 kB
Active(anon):    4144168 kB
Inactive(anon):  3503572 kB
Active(file):       7744 kB
Inactive(file):    10136 kB
Unevictable:          32 kB
Mlocked:              32 kB
SwapTotal:             0 kB
SwapFree:              0 kB
Dirty:                56 kB
Writeback:             0 kB
AnonPages:       4142604 kB
Mapped:          3269432 kB
Shmem:           3505168 kB
Slab:             223184 kB
SReclaimable:      94056 kB
SUnreclaim:       129128 kB
KernelStack:       15456 kB
PageTables:        37120 kB
NFS_Unstable:          0 kB
Bounce:                0 kB
WritebackTmp:          0 kB
CommitLimit:     4073512 kB
Committed_AS:   12637364 kB
VmallocTotal:   34359738367 kB
VmallocUsed:           0 kB
VmallocChunk:          0 kB
Percpu:            55296 kB
HardwareCorrupted:     0 kB
AnonHugePages:   1785856 kB
ShmemHugePages:        0 kB
ShmemPmdMapped:        0 kB
HugePages_Total:       0
HugePages_Free:        0
HugePages_Rsvd:        0
HugePages_Surp:        0
Hugepagesize:       2048 kB
Hugetlb:               0 kB
DirectMap4k:      247680 kB
DirectMap2M:     8140800 kB


/proc/sys/kernel/threads-max (system-wide limit on the number of threads):
63293


/proc/sys/vm/max_map_count (maximum number of memory map areas a process may have):
65530


/proc/sys/kernel/pid_max (system-wide limit on number of process identifiers):
131072



container (cgroup) information:
container_type: cgroupv1
cpu_cpuset_cpus: 0-3
cpu_memory_nodes: 0
active_processor_count: 4
cpu_quota: -1
cpu_period: 100000
cpu_shares: -1
memory_limit_in_bytes: -1
memory_and_swap_limit_in_bytes: -2
memory_soft_limit_in_bytes: -1
memory_usage_in_bytes: 1756471296
memory_max_usage_in_bytes: 1791209472


CPU:total 4 (initial active 4) (2 cores per cpu, 1 threads per core) family 6 model 58 stepping 9, cmov, cx8, fxsr, mmx, sse, sse2, sse3, ssse3, sse4.1, sse4.2, popcnt, avx, aes, clmul, erms, tsc, tscinvbit, tscinv
CPU Model and flags from /proc/cpuinfo:
model name	: Intel(R) Core(TM) i7-3770K CPU @ 3.50GHz
flags		: fpu vme de pse tsc msr pae mce cx8 apic sep mtrr pge mca cmov pat pse36 clflush mmx fxsr sse sse2 ss ht syscall nx rdtscp lm constant_tsc arch_perfmon nopl xtopology tsc_reliable nonstop_tsc cpuid pni pclmulqdq ssse3 cx16 pcid sse4_1 sse4_2 x2apic popcnt tsc_deadline_timer aes xsave avx f16c rdrand hypervisor lahf_lm cpuid_fault pti fsgsbase tsc_adjust smep arat

Memory: 4k page, physical 8147028k(104316k free), swap 0k(0k free)

vm_info: OpenJDK 64-Bit Server VM (11.0.3+1-Debian-1) for linux-amd64 JRE (11.0.3+1-Debian-1), built on Feb 27 2019 14:44:14 by "buildd" with gcc 8.2.0

END.
